[INFO] [ff9a9937-88a1-410c-b566-267112f22660] [2017-05-24 11:29:02 GMT+08:00] 执行SQL:select id, title, content, create_time from content
[INFO] [ec1b3812-450e-44c2-88e3-032d502340f0] [2017-05-24 11:29:02 GMT+08:00] 数据库连接成功
[INFO] [a85004e7-4914-40c3-b0ff-66ecba00e724] [2017-05-24 11:29:02 GMT+08:00] 连接Schema：test成功
[INFO] [a970c1d6-02cd-4810-a382-c65a84c1882c] [2017-05-24 11:29:02 GMT+08:00] SQL:select id, title, content, create_time from content查询成功
[INFO] [2e1b424c-788a-4a64-876e-3beaa3b14906] [2017-05-24 11:29:02 GMT+08:00] select id, title, content, create_time from content尚没有录入新的Note, 请添加！
[INFO] [b09153a1-27d2-442a-a113-faa196785cad] [2017-05-24 11:29:02 GMT+08:00] {"list":[],"result":"SUCCESS","errorMessage":""}
[INFO] [cfec2dfc-3540-4d70-9a73-f96c43bfa507] [2017-05-24 11:30:32 GMT+08:00] 执行SQL:insert into content (title, content) values ('test', '')
[INFO] [c819d8a3-4738-4b83-be75-ae31bcb21ff9] [2017-05-24 11:30:32 GMT+08:00] 数据库连接成功
[INFO] [d17aa7e2-8dfa-4352-9d38-99c3130add28] [2017-05-24 11:30:32 GMT+08:00] 连接Schema：test成功
[INFO] [65f612dc-f2ea-42ff-a325-57dc890c3747] [2017-05-24 11:30:32 GMT+08:00] 插入成功
[INFO] [a1616f8c-2daa-419c-bdb8-a684b430baf6] [2017-05-24 11:30:32 GMT+08:00] {"list":[],"result":"SUCCESS","errorMessage":""}
[INFO] [a90a183e-5d2b-48db-9dc3-7eedc3c04e79] [2017-05-24 11:31:48 GMT+08:00] 执行SQL:insert into content (title, content) values ('test', '')
[INFO] [4fd2da48-4b45-40ab-b866-8268d2fb9390] [2017-05-24 11:31:48 GMT+08:00] 数据库连接成功
[INFO] [65f04793-b91a-425b-96fc-b2c273db1b26] [2017-05-24 11:31:48 GMT+08:00] 连接Schema：test成功
[INFO] [3b443a1d-cdb4-4dfd-a9e6-0f95c67c314c] [2017-05-24 11:31:48 GMT+08:00] 插入成功
[INFO] [a60bb160-40bb-4651-ba32-6357ac1fbc88] [2017-05-24 11:31:48 GMT+08:00] {"list":[],"result":"SUCCESS","errorMessage":""}
[INFO] [0a502a88-0f56-47c3-8172-41967c33d523] [2017-05-24 11:32:53 GMT+08:00] 执行SQL:insert into content (title, content) values ('test', '')
[INFO] [4aa8ec09-683b-4892-af74-0f5f0ee44245] [2017-05-24 11:32:53 GMT+08:00] 插入成功
[INFO] [616f02f2-bc7b-4e8e-ab8a-dbcdc3e13aa2] [2017-05-24 11:32:53 GMT+08:00] {"list":[],"result":"SUCCESS","errorMessage":""}
[INFO] [0ba468fa-f4ae-4446-ad17-efffa5789bc2] [2017-05-24 11:32:57 GMT+08:00] 执行SQL:insert into content (title, content) values ('test', '')
[INFO] [74c80d00-d6b7-4bc3-974c-fa101400cfd1] [2017-05-24 11:32:57 GMT+08:00] 插入成功
[INFO] [c21027ac-c8f1-4294-a836-fc89dfb61117] [2017-05-24 11:32:57 GMT+08:00] {"list":[],"result":"SUCCESS","errorMessage":""}
[INFO] [8d5184d3-2b1f-4a5a-92cc-bd74c5e73048] [2017-05-24 11:33:02 GMT+08:00] 执行SQL:insert into content (title, content) values ('test', 'hahahha')
[INFO] [ed95ae09-92ca-4062-9138-313880988206] [2017-05-24 11:33:02 GMT+08:00] 插入成功
[INFO] [4073d565-3b6c-4ff4-a26a-7871b73a3354] [2017-05-24 11:33:02 GMT+08:00] {"list":[],"result":"SUCCESS","errorMessage":""}
[INFO] [ade4f3e0-86dd-4d5b-89ed-98607ecaf1cd] [2017-05-24 11:34:06 GMT+08:00] 执行SQL:insert into content (title, content) values ('test', 'bitch')
[INFO] [76ee2c04-fcd1-4e6b-b218-4e5ba09a92d5] [2017-05-24 11:34:06 GMT+08:00] 插入成功
[INFO] [02d6c020-4dc9-4d22-a38b-38633fca5a2d] [2017-05-24 11:34:06 GMT+08:00] {"list":[],"result":"SUCCESS","errorMessage":""}
[INFO] [f80fc833-472a-479f-a337-fdb2cad7f406] [2017-05-24 11:35:00 GMT+08:00] 执行SQL:select id, title, content, create_time from content
[INFO] [5e8e7f34-ca79-4e5f-bb7a-d16e887817ae] [2017-05-24 11:35:00 GMT+08:00] SQL:select id, title, content, create_time from content查询成功
[INFO] [da860c5b-302c-4912-870f-5be15b08ab70] [2017-05-24 11:35:00 GMT+08:00] {"list":[{"content":"","title":"test","contentId":"18","time":"2017-05-24 11:30:32"},{"content":"","title":"test","contentId":"19","time":"2017-05-24 11:31:48"},{"content":"","title":"test","contentId":"20","time":"2017-05-24 11:32:53"},{"content":"","title":"test","contentId":"21","time":"2017-05-24 11:32:57"},{"content":"hahahha","title":"test","contentId":"22","time":"2017-05-24 11:33:02"},{"content":"bitch","title":"test","contentId":"23","time":"2017-05-24 11:34:06"}],"result":"SUCCESS","errorMessage":""}
[INFO] [74196981-97c4-44f1-8cd4-b6bd3fe50a62] [2017-05-24 12:52:44 GMT+08:00] 执行SQL:insert into content (title, content) values ('test', 'bitch')
[INFO] [88066cd9-b2d5-47ba-a387-da8ae3a97a90] [2017-05-24 12:52:44 GMT+08:00] 插入成功
[INFO] [4e5ee74b-46d8-4aca-8805-769944487b66] [2017-05-24 12:52:44 GMT+08:00] {"list":[],"result":"SUCCESS","errorMessage":""}
[INFO] [104c89f0-6cbb-4cc5-b83a-ea0131bf657c] [2017-05-24 14:00:33 GMT+08:00] 执行SQL:insert into content (title, content) values ('test', '不错哦')
[INFO] [2ad1acd3-ed72-4aa6-8835-f2ed352a5264] [2017-05-24 14:00:33 GMT+08:00] 数据库连接成功
[INFO] [ec6190c7-c22c-49f7-8252-e95815540b36] [2017-05-24 14:00:33 GMT+08:00] 连接Schema：test成功
[INFO] [82eb5aca-4794-472a-9d8e-87f6bc2de5ea] [2017-05-24 14:00:33 GMT+08:00] 插入成功
[INFO] [adb7a70d-f7fa-459e-91fa-b82fb78a7f86] [2017-05-24 14:00:33 GMT+08:00] {"list":[],"result":"SUCCESS","errorMessage":""}
[INFO] [359b0100-26c9-4c17-80d2-6ef91dd0068b] [2017-05-24 14:00:46 GMT+08:00] 执行SQL:select id, title, content, create_time from content
[INFO] [14e5874d-3673-4d30-8b62-61603a1a00de] [2017-05-24 14:00:46 GMT+08:00] SQL:select id, title, content, create_time from content查询成功
[INFO] [c8b90840-3239-41d6-8da4-83896fabbef0] [2017-05-24 14:00:46 GMT+08:00] {"list":[{"content":"","title":"test","contentId":"18","time":"2017-05-24 11:30:32"},{"content":"","title":"test","contentId":"19","time":"2017-05-24 11:31:48"},{"content":"","title":"test","contentId":"20","time":"2017-05-24 11:32:53"},{"content":"","title":"test","contentId":"21","time":"2017-05-24 11:32:57"},{"content":"hahahha","title":"test","contentId":"22","time":"2017-05-24 11:33:02"},{"content":"bitch","title":"test","contentId":"23","time":"2017-05-24 11:34:06"},{"content":"bitch","title":"test","contentId":"24","time":"2017-05-24 12:52:44"},{"content":"不错哦","title":"test","contentId":"25","time":"2017-05-24 14:00:33"}],"result":"SUCCESS","errorMessage":""}
[INFO] [e144f8bf-b33b-4c0d-8106-5dada1eb7c34] [2017-05-24 16:09:33 GMT+08:00] 执行SQL:insert into content (title, content) values ('hahaah', 'By default, all encoded tags (i.e. regular tags) are HTML encoded and < & > entities will be escaped. In your handler you can manually set the MustacheEvaluationOutputCollector.defaultEncodingFunc function to perform whatever encoding you need. For example when outputting JSON data you would want to set this function to something like the following:')
[INFO] [db4bd38a-b847-4dc2-b8cb-977ae5133629] [2017-05-24 16:09:33 GMT+08:00] 数据库连接成功
[INFO] [b92c8806-9a43-48ed-a411-5da61a54418e] [2017-05-24 16:09:33 GMT+08:00] 连接Schema：test成功
[INFO] [d4793471-8a9b-494d-a1d0-eae4975c6807] [2017-05-24 16:09:33 GMT+08:00] 插入成功
[INFO] [4e303e3d-5cf3-4170-a348-444440da8c1e] [2017-05-24 16:09:33 GMT+08:00] {"list":[],"result":"SUCCESS","message":""}
[INFO] [942811a3-2f9b-4c1c-b8a2-db4144851512] [2017-05-24 16:09:37 GMT+08:00] 执行SQL:select id, title, content, create_time from content
[INFO] [ed3880d1-54f3-4bc6-9854-52090f060b76] [2017-05-24 16:09:37 GMT+08:00] SQL:select id, title, content, create_time from content查询成功
[INFO] [67642934-a8f4-4641-a874-908633a8f2d3] [2017-05-24 16:09:37 GMT+08:00] {"list":[{"content":"","title":"test","contentId":"18","time":"2017-05-24 11:30:32"},{"content":"","title":"test","contentId":"19","time":"2017-05-24 11:31:48"},{"content":"","title":"test","contentId":"20","time":"2017-05-24 11:32:53"},{"content":"","title":"test","contentId":"21","time":"2017-05-24 11:32:57"},{"content":"hahahha","title":"test","contentId":"22","time":"2017-05-24 11:33:02"},{"content":"bitch","title":"test","contentId":"23","time":"2017-05-24 11:34:06"},{"content":"bitch","title":"test","contentId":"24","time":"2017-05-24 12:52:44"},{"content":"不错哦","title":"test","contentId":"25","time":"2017-05-24 14:00:33"},{"content":"By default, all encoded tags (i.e. regular tags) are HTML encoded and < & > entities will be escaped. In your handler you can manually set the MustacheEvaluationOutputCollector.defaultEncodingFunc function to perform whatever encoding you need. For example when outputting JSON data you would want to set this function to something like the following:","title":"hahaah","contentId":"26","time":"2017-05-24 16:09:33"}],"result":"SUCCESS","message":""}
[ERROR] [bb0cb7ef-95aa-4d33-be5e-dd16ea09976b] [2017-05-24 16:09:48 GMT+08:00] contentId为nil
[ERROR] [fa79bab8-4937-48d0-8600-075f3741e2bc] [2017-05-24 16:14:47 GMT+08:00] contentId为nil
[ERROR] [905220da-cc8f-4957-9ac8-655395d71cc6] [2017-05-24 16:14:48 GMT+08:00] contentId为nil
[ERROR] [66bc3000-fee3-431f-88e2-992f382bd6c1] [2017-05-24 16:14:59 GMT+08:00] contentId为nil
[ERROR] [0d28472a-831c-482c-8965-99d1e25a2198] [2017-05-24 16:31:42 GMT+08:00] contentId为nil
[ERROR] [6877dd36-365c-4a59-a674-cc011a9fb521] [2017-05-24 16:34:33 GMT+08:00] contentId为nil
[ERROR] [074287b0-8662-45fd-919a-c41b0f2a4e7f] [2017-05-24 16:34:35 GMT+08:00] contentId为nil
[ERROR] [cbcc5448-a647-4dac-bcb6-ebe54f89257e] [2017-05-24 16:46:01 GMT+08:00] contentId为nil
[ERROR] [e8d5e3c8-5f4c-437c-b859-91b5d2f879e6] [2017-05-24 16:46:02 GMT+08:00] contentId为nil
[ERROR] [457d24c5-edb9-436d-a10f-18d4cef3f79b] [2017-05-24 16:47:25 GMT+08:00] contentId为nil
[INFO] [237a00c7-e2d7-4464-93b8-bd6d9b61efed] [2017-05-24 16:52:55 GMT+08:00] {"contentid":"26"}
[ERROR] [a8745392-79bf-4f2e-866f-cdd800412819] [2017-05-24 16:52:55 GMT+08:00] contentId为nil
[INFO] [78d8b141-6387-41e2-8873-630d4dda68b5] [2017-05-24 16:53:55 GMT+08:00] 执行SQL:select content from content where id='26'
[INFO] [ec27c6f8-34c8-4e57-a60d-5f00802e7b0f] [2017-05-24 16:53:55 GMT+08:00] 数据库连接成功
[INFO] [f2d06715-5b0e-4733-a794-2bf7e5754d36] [2017-05-24 16:53:55 GMT+08:00] 连接Schema：test成功
[INFO] [092c86d7-b946-43e1-9a99-f166ce0dd410] [2017-05-24 16:53:55 GMT+08:00] SQL:select content from content where id='26'查询成功
[INFO] [fb758deb-fa83-42b3-b6d3-97532ba5843f] [2017-05-24 16:57:45 GMT+08:00] 执行SQL:select content from content where id='26'
[INFO] [a54c9bf3-d9da-405d-80d4-ade2c40e30c0] [2017-05-24 16:57:45 GMT+08:00] 数据库连接成功
[INFO] [47f303c4-aaf9-4a37-a94d-2f076b31f3e7] [2017-05-24 16:57:45 GMT+08:00] 连接Schema：test成功
[INFO] [3f7444b9-ab62-4d0c-a79a-690995f9927e] [2017-05-24 16:57:45 GMT+08:00] SQL:select content from content where id='26'查询成功
[INFO] [87bdfd2a-2cf2-4415-b3a2-4098813b7565] [2017-05-24 17:00:11 GMT+08:00] 执行SQL:select content from content where id='26'
[INFO] [099c6ee7-ed30-4c4c-8e08-49298bdcefa4] [2017-05-24 17:00:11 GMT+08:00] 数据库连接成功
[INFO] [29fdf2e7-e4aa-4f9c-8493-bc8f5867259b] [2017-05-24 17:00:11 GMT+08:00] 连接Schema：test成功
[INFO] [83a955be-7a12-4221-bd91-2c41d8e93cc1] [2017-05-24 17:00:11 GMT+08:00] SQL:select content from content where id='26'查询成功
[INFO] [df2a9b24-aaa4-4dcd-8623-d96e7270e83d] [2017-05-24 17:03:11 GMT+08:00] 执行SQL:select title, content from content where id='26'
[INFO] [f3cb681b-c364-47d0-9c07-07214b284a7f] [2017-05-24 17:03:11 GMT+08:00] 数据库连接成功
[INFO] [a33aaf5d-089b-421a-8f5d-3ee2db55f1ee] [2017-05-24 17:03:11 GMT+08:00] 连接Schema：test成功
[INFO] [5b46773a-6bfc-4aa7-9ff5-c781805d5c82] [2017-05-24 17:03:11 GMT+08:00] SQL:select title, content from content where id='26'查询成功
[INFO] [61b1f902-8181-4e65-ac9c-e4e8a0741d8b] [2017-05-24 17:11:01 GMT+08:00] 执行SQL:select title, content from content where id='26'
[INFO] [9e76ec5e-b494-4390-91f3-1c33ab4eda6b] [2017-05-24 17:11:01 GMT+08:00] 数据库连接成功
[INFO] [f9fd94c0-1b8b-4aba-abfc-04f7a0571c6f] [2017-05-24 17:11:01 GMT+08:00] 连接Schema：test成功
[INFO] [1fba86a1-0a2a-4fcc-a330-f79a5564144e] [2017-05-24 17:11:01 GMT+08:00] SQL:select title, content from content where id='26'查询成功
[INFO] [3598118b-4c64-47ab-bb63-6f34b063a6a8] [2017-05-24 17:11:20 GMT+08:00] 执行SQL:insert into content (title, content) values ('hahha', '聊完路由的配置，接下来我们要聊一下表单的提交与json数据的返回。本部分内容我们首先使用form表单post提交的方式将数据提交到指定的路由并处理，处理完毕后再讲处理的数据通过josn的数据格式返回给客户端。')
[INFO] [dac1ace5-be60-47c5-af6f-d389cbdc1287] [2017-05-24 17:11:20 GMT+08:00] 插入成功
[INFO] [e13dbe0f-e6fe-4944-b5f3-ecc2f7cf815d] [2017-05-24 17:11:20 GMT+08:00] {"list":[],"result":"SUCCESS","message":""}
[INFO] [2575dade-1022-467e-ac4d-8ff2e94bc6c6] [2017-05-24 17:11:31 GMT+08:00] 执行SQL:insert into content (title, content) values ('hahha', '聊完路由的配置，接下来我们要聊一下表单的提交与json数据的返回。本部分内容我们首先使用form表单post提交的方式将数据提交到指定的路由并处理，处理完毕后再讲处理的数据通过josn的数据格式返回给客户端。')
[INFO] [9efbe5be-863d-4303-9df9-3551e771edab] [2017-05-24 17:11:31 GMT+08:00] 插入成功
[INFO] [f9593c2e-6379-4716-9112-652b2e9c0ef8] [2017-05-24 17:11:31 GMT+08:00] {"list":[],"result":"SUCCESS","message":""}
[INFO] [12c5f3b4-224f-44c2-97f6-3e2003a94fba] [2017-05-24 17:12:12 GMT+08:00] 执行SQL:insert into content (title, content) values ('test', '')
[INFO] [555dd730-214b-4dfe-8330-a5a9817129f0] [2017-05-24 17:12:12 GMT+08:00] 插入成功
[INFO] [0b2cc6b9-6e02-4cfe-9479-c3dd5ddac19c] [2017-05-24 17:12:12 GMT+08:00] {"list":[],"result":"SUCCESS","message":""}
[INFO] [268b755e-bde2-4c8c-b03d-de5b93818db9] [2017-05-24 17:16:45 GMT+08:00] 执行SQL:insert into content (title, content) values ('dhaksh', 'jaksdfhakjhdfkjahdfkjhkj
')
[INFO] [12e75929-1357-4b63-87b2-e401392d998e] [2017-05-24 17:16:45 GMT+08:00] 数据库连接成功
[INFO] [244d58b5-e56b-4965-94db-b8704882ce8a] [2017-05-24 17:16:45 GMT+08:00] 连接Schema：test成功
[INFO] [143c140a-0057-4c8e-9aa1-5a6edae48958] [2017-05-24 17:16:45 GMT+08:00] 插入成功
[INFO] [e78e1d5f-b006-40a0-8991-ef144b621b81] [2017-05-24 17:16:45 GMT+08:00] {"list":[],"result":"SUCCESS","message":""}
[INFO] [0f072d3b-c38b-4b17-834f-04464bb7bc5c] [2017-05-24 17:18:36 GMT+08:00] 执行SQL:insert into content (title, content) values ('ahdkjhf', 'ajkhdfkjahdfkjhakh1')
[INFO] [9459a20c-c409-437a-8768-fbbfe92fef83] [2017-05-24 17:18:36 GMT+08:00] 数据库连接成功
[INFO] [476d54c3-081a-462c-b002-962a80970a71] [2017-05-24 17:18:36 GMT+08:00] 连接Schema：test成功
[INFO] [283f2d84-f467-41d4-bfb4-783741ece9d6] [2017-05-24 17:18:36 GMT+08:00] 插入成功
[INFO] [68c30906-38b2-4d30-bd8e-8c64394d106f] [2017-05-24 17:18:36 GMT+08:00] {"list":[],"result":"SUCCESS","message":""}
[INFO] [2ed4d87f-79bd-4f9a-a200-08d553b8cbde] [2017-05-24 17:18:36 GMT+08:00] 执行SQL:select id, title, content, create_time from content
[INFO] [01d5d6e4-a162-4478-81df-4ce425de6755] [2017-05-24 17:18:36 GMT+08:00] SQL:select id, title, content, create_time from content查询成功
[INFO] [00b460bf-7b96-4d33-a0df-c6607339b802] [2017-05-24 17:18:36 GMT+08:00] {"list":[{"content":"","title":"test","contentId":"18","time":"2017-05-24 11:30:32"},{"content":"","title":"test","contentId":"19","time":"2017-05-24 11:31:48"},{"content":"","title":"test","contentId":"20","time":"2017-05-24 11:32:53"},{"content":"","title":"test","contentId":"21","time":"2017-05-24 11:32:57"},{"content":"hahahha","title":"test","contentId":"22","time":"2017-05-24 11:33:02"},{"content":"bitch","title":"test","contentId":"23","time":"2017-05-24 11:34:06"},{"content":"bitch","title":"test","contentId":"24","time":"2017-05-24 12:52:44"},{"content":"不错哦","title":"test","contentId":"25","time":"2017-05-24 14:00:33"},{"content":"By default, all encoded tags (i.e. regular tags) are HTML encoded and < & > entities will be escaped. In your handler you can manually set the MustacheEvaluationOutputCollector.defaultEncodingFunc function to perform whatever encoding you need. For example when outputting JSON data you would want to set this function to something like the following:","title":"hahaah","contentId":"26","time":"2017-05-24 16:09:33"},{"content":"聊完路由的配置，接下来我们要聊一下表单的提交与json数据的返回。本部分内容我们首先使用form表单post提交的方式将数据提交到指定的路由并处理，处理完毕后再讲处理的数据通过josn的数据格式返回给客户端。","title":"hahha","contentId":"27","time":"2017-05-24 17:11:20"},{"content":"聊完路由的配置，接下来我们要聊一下表单的提交与json数据的返回。本部分内容我们首先使用form表单post提交的方式将数据提交到指定的路由并处理，处理完毕后再讲处理的数据通过josn的数据格式返回给客户端。","title":"hahha","contentId":"28","time":"2017-05-24 17:11:31"},{"content":"","title":"test","contentId":"29","time":"2017-05-24 17:12:12"},{"content":"jaksdfhakjhdfkjahdfkjhkj\r\n","title":"dhaksh","contentId":"30","time":"2017-05-24 17:16:45"},{"content":"ajkhdfkjahdfkjhakh1","title":"ahdkjhf","contentId":"31","time":"2017-05-24 17:18:36"}],"result":"SUCCESS","message":""}
[INFO] [df47952b-ffd6-4187-a50e-bacdeec6c862] [2017-05-24 17:19:01 GMT+08:00] 执行SQL:select title, content from content where id='28'
[INFO] [19987973-6883-4f6f-8649-540c972a6198] [2017-05-24 17:19:01 GMT+08:00] SQL:select title, content from content where id='28'查询成功
[INFO] [c4e0ca09-28de-42b2-80ff-388a8fc19b61] [2017-05-24 17:21:25 GMT+08:00] 执行SQL:select title, content from content where id='26'
[INFO] [8c39e7a6-81e8-46e6-ae49-624b855dd828] [2017-05-24 17:21:25 GMT+08:00] SQL:select title, content from content where id='26'查询成功
[INFO] [c2764dee-af81-4c68-8be7-582865431f7c] [2017-05-24 17:21:29 GMT+08:00] 执行SQL:select title, content from content where id='30'
[INFO] [d4671044-b1f2-499e-8f1a-7d2b3d2ef5be] [2017-05-24 17:21:29 GMT+08:00] SQL:select title, content from content where id='30'查询成功
[INFO] [6389b56f-28c8-4404-a477-e0335a322cc8] [2017-05-24 18:34:28 GMT+08:00] 执行SQL:insert into content (title, content) values ('hahhahah', '阿娇地方哈将开发环境錒回复贷记卡蝴蝶结啊回复可见啊互粉的')
[ERROR] [72c0b922-1acf-49b6-9bc6-beabfb70d9a4] [2017-05-24 18:34:28 GMT+08:00] insert into content (title, content) values ('hahhahah', '阿娇地方哈将开发环境錒回复贷记卡蝴蝶结啊回复可见啊互粉的')插入失败
[INFO] [9765ad13-97c9-44d2-9977-81d2297f6d6a] [2017-05-24 18:34:28 GMT+08:00] {"list":[],"result":"FAILE","message":"创建hahhahah失败"}
[INFO] [050b9d85-d150-42fc-a455-536fd3c3a8ee] [2017-05-24 18:34:28 GMT+08:00] 执行SQL:select id, title, content, create_time from content
[INFO] [e69d00bd-29a2-4ff2-b35f-a0dad96e03d0] [2017-05-24 18:34:28 GMT+08:00] SQL:select id, title, content, create_time from content查询成功
[INFO] [f4090aa8-48de-449b-a46c-590501f55c82] [2017-05-24 18:34:28 GMT+08:00] {"list":[{"content":"","title":"test","contentId":"18","time":"2017-05-24 11:30:32"},{"content":"","title":"test","contentId":"19","time":"2017-05-24 11:31:48"},{"content":"","title":"test","contentId":"20","time":"2017-05-24 11:32:53"},{"content":"","title":"test","contentId":"21","time":"2017-05-24 11:32:57"},{"content":"hahahha","title":"test","contentId":"22","time":"2017-05-24 11:33:02"},{"content":"bitch","title":"test","contentId":"23","time":"2017-05-24 11:34:06"},{"content":"bitch","title":"test","contentId":"24","time":"2017-05-24 12:52:44"},{"content":"不错哦","title":"test","contentId":"25","time":"2017-05-24 14:00:33"},{"content":"By default, all encoded tags (i.e. regular tags) are HTML encoded and < & > entities will be escaped. In your handler you can manually set the MustacheEvaluationOutputCollector.defaultEncodingFunc function to perform whatever encoding you need. For example when outputting JSON data you would want to set this function to something like the following:","title":"hahaah","contentId":"26","time":"2017-05-24 16:09:33"},{"content":"聊完路由的配置，接下来我们要聊一下表单的提交与json数据的返回。本部分内容我们首先使用form表单post提交的方式将数据提交到指定的路由并处理，处理完毕后再讲处理的数据通过josn的数据格式返回给客户端。","title":"hahha","contentId":"27","time":"2017-05-24 17:11:20"},{"content":"聊完路由的配置，接下来我们要聊一下表单的提交与json数据的返回。本部分内容我们首先使用form表单post提交的方式将数据提交到指定的路由并处理，处理完毕后再讲处理的数据通过josn的数据格式返回给客户端。","title":"hahha","contentId":"28","time":"2017-05-24 17:11:31"},{"content":"","title":"test","contentId":"29","time":"2017-05-24 17:12:12"},{"content":"jaksdfhakjhdfkjahdfkjhkj\r\n","title":"dhaksh","contentId":"30","time":"2017-05-24 17:16:45"},{"content":"ajkhdfkjahdfkjhakh1","title":"ahdkjhf","contentId":"31","time":"2017-05-24 17:18:36"}],"result":"SUCCESS","message":""}
[INFO] [a5337322-d714-465e-a482-331168651a00] [2017-05-24 18:34:42 GMT+08:00] 执行SQL:insert into content (title, content) values ('hahhahah', '阿娇地方哈将开发环境錒回复贷记卡蝴蝶结啊回复可见啊互粉的')
[ERROR] [e1620825-ff8f-4192-bbca-4dea76759df4] [2017-05-24 18:34:42 GMT+08:00] insert into content (title, content) values ('hahhahah', '阿娇地方哈将开发环境錒回复贷记卡蝴蝶结啊回复可见啊互粉的')插入失败
[INFO] [6f692f29-2693-4ec4-ae5a-df1af65cc820] [2017-05-24 18:34:42 GMT+08:00] {"list":[],"result":"FAILE","message":"创建hahhahah失败"}
[INFO] [1332db14-b718-44a9-9385-afae42229877] [2017-05-24 18:34:42 GMT+08:00] 执行SQL:select id, title, content, create_time from content
[INFO] [1ba64534-6dc7-49aa-88c2-a4852c8b9c83] [2017-05-24 18:34:42 GMT+08:00] SQL:select id, title, content, create_time from content查询成功
[INFO] [a59c2e20-1b83-44d5-a1bd-a4d55b8c8ef7] [2017-05-24 18:34:42 GMT+08:00] {"list":[{"content":"","title":"test","contentId":"18","time":"2017-05-24 11:30:32"},{"content":"","title":"test","contentId":"19","time":"2017-05-24 11:31:48"},{"content":"","title":"test","contentId":"20","time":"2017-05-24 11:32:53"},{"content":"","title":"test","contentId":"21","time":"2017-05-24 11:32:57"},{"content":"hahahha","title":"test","contentId":"22","time":"2017-05-24 11:33:02"},{"content":"bitch","title":"test","contentId":"23","time":"2017-05-24 11:34:06"},{"content":"bitch","title":"test","contentId":"24","time":"2017-05-24 12:52:44"},{"content":"不错哦","title":"test","contentId":"25","time":"2017-05-24 14:00:33"},{"content":"By default, all encoded tags (i.e. regular tags) are HTML encoded and < & > entities will be escaped. In your handler you can manually set the MustacheEvaluationOutputCollector.defaultEncodingFunc function to perform whatever encoding you need. For example when outputting JSON data you would want to set this function to something like the following:","title":"hahaah","contentId":"26","time":"2017-05-24 16:09:33"},{"content":"聊完路由的配置，接下来我们要聊一下表单的提交与json数据的返回。本部分内容我们首先使用form表单post提交的方式将数据提交到指定的路由并处理，处理完毕后再讲处理的数据通过josn的数据格式返回给客户端。","title":"hahha","contentId":"27","time":"2017-05-24 17:11:20"},{"content":"聊完路由的配置，接下来我们要聊一下表单的提交与json数据的返回。本部分内容我们首先使用form表单post提交的方式将数据提交到指定的路由并处理，处理完毕后再讲处理的数据通过josn的数据格式返回给客户端。","title":"hahha","contentId":"28","time":"2017-05-24 17:11:31"},{"content":"","title":"test","contentId":"29","time":"2017-05-24 17:12:12"},{"content":"jaksdfhakjhdfkjahdfkjhkj\r\n","title":"dhaksh","contentId":"30","time":"2017-05-24 17:16:45"},{"content":"ajkhdfkjahdfkjhakh1","title":"ahdkjhf","contentId":"31","time":"2017-05-24 17:18:36"}],"result":"SUCCESS","message":""}
[INFO] [1e673495-4e16-4ba1-9747-e7902b32c8c6] [2017-05-25 10:29:12 GMT+08:00] 执行SQL:insert into content (title, content) values ('6283468', '628736872635876273586278365782637865872637856827365872685628368265876278356872365')
[INFO] [84d1a879-bfb2-4226-8581-c5a8b1cd835e] [2017-05-25 10:29:12 GMT+08:00] 数据库连接成功
[INFO] [a0781e34-9bac-45da-b0a9-8e15a29eef38] [2017-05-25 10:29:12 GMT+08:00] 连接Schema：test成功
[INFO] [5c661bac-e4c6-4362-97dc-08eec9ff98f3] [2017-05-25 10:29:12 GMT+08:00] 插入成功
[INFO] [2cc573b9-dde5-4771-8b48-328bb7fdee48] [2017-05-25 10:29:12 GMT+08:00] {"list":[],"result":"SUCCESS","message":""}
[INFO] [1c4cb3da-34e5-4103-88d7-878aed9151b9] [2017-05-25 10:29:12 GMT+08:00] 执行SQL:select id, title, content, create_time from content
[INFO] [e6c34f12-2aef-494e-9d4e-73a4b5231567] [2017-05-25 10:29:12 GMT+08:00] SQL:select id, title, content, create_time from content查询成功
[INFO] [2ce8f7a4-ca01-4e7e-a9d2-759411e152bb] [2017-05-25 10:29:12 GMT+08:00] {"list":[{"content":"","title":"test","contentId":"18","time":"2017-05-24 11:30:32"},{"content":"","title":"test","contentId":"19","time":"2017-05-24 11:31:48"},{"content":"","title":"test","contentId":"20","time":"2017-05-24 11:32:53"},{"content":"","title":"test","contentId":"21","time":"2017-05-24 11:32:57"},{"content":"hahahha","title":"test","contentId":"22","time":"2017-05-24 11:33:02"},{"content":"bitch","title":"test","contentId":"23","time":"2017-05-24 11:34:06"},{"content":"bitch","title":"test","contentId":"24","time":"2017-05-24 12:52:44"},{"content":"不错哦","title":"test","contentId":"25","time":"2017-05-24 14:00:33"},{"content":"By default, all encoded tags (i.e. regular tags) are HTML encoded and < & > entities will be escaped. In your handler you can manually set the MustacheEvaluationOutputCollector.defaultEncodingFunc function to perform whatever encoding you need. For example when outputting JSON data you would want to set this function to something like the following:","title":"hahaah","contentId":"26","time":"2017-05-24 16:09:33"},{"content":"聊完路由的配置，接下来我们要聊一下表单的提交与json数据的返回。本部分内容我们首先使用form表单post提交的方式将数据提交到指定的路由并处理，处理完毕后再讲处理的数据通过josn的数据格式返回给客户端。","title":"hahha","contentId":"27","time":"2017-05-24 17:11:20"},{"content":"聊完路由的配置，接下来我们要聊一下表单的提交与json数据的返回。本部分内容我们首先使用form表单post提交的方式将数据提交到指定的路由并处理，处理完毕后再讲处理的数据通过josn的数据格式返回给客户端。","title":"hahha","contentId":"28","time":"2017-05-24 17:11:31"},{"content":"","title":"test","contentId":"29","time":"2017-05-24 17:12:12"},{"content":"jaksdfhakjhdfkjahdfkjhkj\r\n","title":"dhaksh","contentId":"30","time":"2017-05-24 17:16:45"},{"content":"ajkhdfkjahdfkjhakh1","title":"ahdkjhf","contentId":"31","time":"2017-05-24 17:18:36"},{"content":"628736872635876273586278365782637865872637856827365872685628368265876278356872365","title":"6283468","contentId":"32","time":"2017-05-25 10:29:12"}],"result":"SUCCESS","message":""}
[INFO] [f37e1c3c-8d58-42e7-b2a9-f0754e127f65] [2017-05-25 10:44:51 GMT+08:00] 执行SQL:select id, title, content, create_time from content
[INFO] [61ff5f61-fb5d-4949-8fa3-51a83a9b58da] [2017-05-25 10:44:51 GMT+08:00] SQL:select id, title, content, create_time from content查询成功
[INFO] [033d05c4-e478-44d6-8dbd-669079da6c94] [2017-05-25 10:44:51 GMT+08:00] {"list":[{"content":"","title":"test","contentId":"18","time":"2017-05-24 11:30:32"},{"content":"","title":"test","contentId":"19","time":"2017-05-24 11:31:48"},{"content":"","title":"test","contentId":"20","time":"2017-05-24 11:32:53"},{"content":"","title":"test","contentId":"21","time":"2017-05-24 11:32:57"},{"content":"hahahha","title":"test","contentId":"22","time":"2017-05-24 11:33:02"},{"content":"bitch","title":"test","contentId":"23","time":"2017-05-24 11:34:06"},{"content":"bitch","title":"test","contentId":"24","time":"2017-05-24 12:52:44"},{"content":"不错哦","title":"test","contentId":"25","time":"2017-05-24 14:00:33"},{"content":"By default, all encoded tags (i.e. regular tags) are HTML encoded and < & > entities will be escaped. In your handler you can manually set the MustacheEvaluationOutputCollector.defaultEncodingFunc function to perform whatever encoding you need. For example when outputting JSON data you would want to set this function to something like the following:","title":"hahaah","contentId":"26","time":"2017-05-24 16:09:33"},{"content":"聊完路由的配置，接下来我们要聊一下表单的提交与json数据的返回。本部分内容我们首先使用form表单post提交的方式将数据提交到指定的路由并处理，处理完毕后再讲处理的数据通过josn的数据格式返回给客户端。","title":"hahha","contentId":"27","time":"2017-05-24 17:11:20"},{"content":"聊完路由的配置，接下来我们要聊一下表单的提交与json数据的返回。本部分内容我们首先使用form表单post提交的方式将数据提交到指定的路由并处理，处理完毕后再讲处理的数据通过josn的数据格式返回给客户端。","title":"hahha","contentId":"28","time":"2017-05-24 17:11:31"},{"content":"","title":"test","contentId":"29","time":"2017-05-24 17:12:12"},{"content":"jaksdfhakjhdfkjahdfkjhkj\r\n","title":"dhaksh","contentId":"30","time":"2017-05-24 17:16:45"},{"content":"ajkhdfkjahdfkjhakh1","title":"ahdkjhf","contentId":"31","time":"2017-05-24 17:18:36"},{"content":"628736872635876273586278365782637865872637856827365872685628368265876278356872365","title":"6283468","contentId":"32","time":"2017-05-25 10:29:12"}],"result":"SUCCESS","message":""}
